  tests.cpp
tests.obj : error LNK2019: unresolved external symbol "public: __thiscall Hierarchy::Hierarchy(class std::basic_string<char,struct std::char_traits<char>,class std::allocator<char> > const &)" (??0Hierarchy@@QAE@ABV?$basic_string@DU?$char_traits@D@std@@V?$allocator@D@2@@std@@@Z) referenced in function "void __cdecl ____C_A_T_C_H____T_E_S_T____0(void)" (?____C_A_T_C_H____T_E_S_T____0@@YAXXZ)
tests.obj : error LNK2019: unresolved external symbol "public: __thiscall Hierarchy::~Hierarchy(void)" (??1Hierarchy@@QAE@XZ) referenced in function __catch$?____C_A_T_C_H____T_E_S_T____0@@YAXXZ$4
tests.obj : error LNK2019: unresolved external symbol "public: class std::basic_string<char,struct std::char_traits<char>,class std::allocator<char> > __thiscall Hierarchy::print(void)const " (?print@Hierarchy@@QBE?AV?$basic_string@DU?$char_traits@D@std@@V?$allocator@D@2@@std@@XZ) referenced in function __catch$?____C_A_T_C_H____T_E_S_T____0@@YAXXZ$2
tests.obj : error LNK2019: unresolved external symbol "public: int __thiscall Hierarchy::longest_chain(void)const " (?longest_chain@Hierarchy@@QBEHXZ) referenced in function __catch$?____C_A_T_C_H____T_E_S_T____0@@YAXXZ$10
tests.obj : error LNK2019: unresolved external symbol "public: bool __thiscall Hierarchy::find(class std::basic_string<char,struct std::char_traits<char>,class std::allocator<char> > const &)const " (?find@Hierarchy@@QBE_NABV?$basic_string@DU?$char_traits@D@std@@V?$allocator@D@2@@std@@@Z) referenced in function __catch$?____C_A_T_C_H____T_E_S_T____0@@YAXXZ$0
tests.obj : error LNK2019: unresolved external symbol "public: int __thiscall Hierarchy::num_employees(void)const " (?num_employees@Hierarchy@@QBEHXZ) referenced in function "void __cdecl ____C_A_T_C_H____T_E_S_T____0(void)" (?____C_A_T_C_H____T_E_S_T____0@@YAXXZ)
tests.obj : error LNK2019: unresolved external symbol "public: int __thiscall Hierarchy::num_overloaded(int)const " (?num_overloaded@Hierarchy@@QBEHH@Z) referenced in function "void __cdecl ____C_A_T_C_H____T_E_S_T____13(void)" (?____C_A_T_C_H____T_E_S_T____13@@YAXXZ)
tests.obj : error LNK2019: unresolved external symbol "public: class std::basic_string<char,struct std::char_traits<char>,class std::allocator<char> > __thiscall Hierarchy::manager(class std::basic_string<char,struct std::char_traits<char>,class std::allocator<char> > const &)const " (?manager@Hierarchy@@QBE?AV?$basic_string@DU?$char_traits@D@std@@V?$allocator@D@2@@std@@ABV23@@Z) referenced in function __catch$?____C_A_T_C_H____T_E_S_T____0@@YAXXZ$12
tests.obj : error LNK2019: unresolved external symbol "public: int __thiscall Hierarchy::num_subordinates(class std::basic_string<char,struct std::char_traits<char>,class std::allocator<char> > const &)const " (?num_subordinates@Hierarchy@@QBEHABV?$basic_string@DU?$char_traits@D@std@@V?$allocator@D@2@@std@@@Z) referenced in function __catch$?____C_A_T_C_H____T_E_S_T____0@@YAXXZ$14
tests.obj : error LNK2019: unresolved external symbol "public: unsigned long __thiscall Hierarchy::getSalary(class std::basic_string<char,struct std::char_traits<char>,class std::allocator<char> > const &)const " (?getSalary@Hierarchy@@QBEKABV?$basic_string@DU?$char_traits@D@std@@V?$allocator@D@2@@std@@@Z) referenced in function "void __cdecl ____C_A_T_C_H____T_E_S_T____15(void)" (?____C_A_T_C_H____T_E_S_T____15@@YAXXZ)
tests.obj : error LNK2019: unresolved external symbol "public: bool __thiscall Hierarchy::fire(class std::basic_string<char,struct std::char_traits<char>,class std::allocator<char> > const &)" (?fire@Hierarchy@@QAE_NABV?$basic_string@DU?$char_traits@D@std@@V?$allocator@D@2@@std@@@Z) referenced in function __catch$?____C_A_T_C_H____T_E_S_T____17@@YAXXZ$2
tests.obj : error LNK2019: unresolved external symbol "public: bool __thiscall Hierarchy::hire(class std::basic_string<char,struct std::char_traits<char>,class std::allocator<char> > const &,class std::basic_string<char,struct std::char_traits<char>,class std::allocator<char> > const &)" (?hire@Hierarchy@@QAE_NABV?$basic_string@DU?$char_traits@D@std@@V?$allocator@D@2@@std@@0@Z) referenced in function __catch$?____C_A_T_C_H____T_E_S_T____19@@YAXXZ$4
tests.obj : error LNK2019: unresolved external symbol "public: void __thiscall Hierarchy::incorporate(void)" (?incorporate@Hierarchy@@QAEXXZ) referenced in function __catch$?____C_A_T_C_H____T_E_S_T____21@@YAXXZ$6
tests.obj : error LNK2019: unresolved external symbol "public: void __thiscall Hierarchy::modernize(void)" (?modernize@Hierarchy@@QAEXXZ) referenced in function __catch$?____C_A_T_C_H____T_E_S_T____23@@YAXXZ$6
tests.obj : error LNK2019: unresolved external symbol "public: class Hierarchy __thiscall Hierarchy::join(class Hierarchy const &)const " (?join@Hierarchy@@QBE?AV1@ABV1@@Z) referenced in function "void __cdecl ____C_A_T_C_H____T_E_S_T____25(void)" (?____C_A_T_C_H____T_E_S_T____25@@YAXXZ)
C:\Users\marto\source\repos\DSA_HW2\Debug\DSA_HW2_TEST.exe : fatal error LNK1120: 15 unresolved externals
